{
  "stats": {
    "suites": 2,
    "tests": 6,
    "passes": 6,
    "pending": 0,
    "failures": 0,
    "start": "2021-09-09T11:33:55.510Z",
    "end": "2021-09-09T11:33:55.681Z",
    "duration": 171,
    "testsRegistered": 6,
    "passPercent": 100,
    "pendingPercent": 0,
    "other": 0,
    "hasOther": false,
    "skipped": 0,
    "hasSkipped": false
  },
  "results": [
    {
      "uuid": "e5927aff-7e3a-4706-bf0e-07c2d544c959",
      "title": "",
      "fullFile": "cypress/integration/testcase/firstcase.js",
      "file": "cypress/integration/testcase/firstcase.js",
      "beforeHooks": [],
      "afterHooks": [],
      "tests": [],
      "suites": [
        {
          "uuid": "91996b20-1589-463a-9136-43176a1033c1",
          "title": "Automation Test Suite 1 ",
          "fullFile": "",
          "file": "",
          "beforeHooks": [],
          "afterHooks": [],
          "tests": [
            {
              "title": "Cypress Test Case",
              "fullTitle": "Automation Test Suite 1  Cypress Test Case",
              "timedOut": null,
              "duration": 36,
              "state": "passed",
              "speed": "fast",
              "pass": true,
              "fail": false,
              "pending": false,
              "context": null,
              "code": "//Object Creation for PageObject Page Class and assigning it to a constant variable",
              "err": {},
              "uuid": "dcd98f3c-b6ff-42db-972b-a797e13e276c",
              "parentUUID": "91996b20-1589-463a-9136-43176a1033c1",
              "isHook": false,
              "skipped": false
            },
            {
              "title": "Cypress Test Case",
              "fullTitle": "Automation Test Suite 1  Cypress Test Case",
              "timedOut": null,
              "duration": 30,
              "state": "passed",
              "speed": "fast",
              "pass": true,
              "fail": false,
              "pending": false,
              "context": null,
              "code": "expect(true).to.be.true;",
              "err": {},
              "uuid": "1d7d1dea-b92b-4fcd-8aa5-8c43d380909a",
              "parentUUID": "91996b20-1589-463a-9136-43176a1033c1",
              "isHook": false,
              "skipped": false
            },
            {
              "title": "Cypress second Case",
              "fullTitle": "Automation Test Suite 1  Cypress second Case",
              "timedOut": null,
              "duration": 16,
              "state": "passed",
              "speed": "fast",
              "pass": true,
              "fail": false,
              "pending": false,
              "context": null,
              "code": "expect(true).to.be.true;",
              "err": {},
              "uuid": "af27d432-2852-4d2b-8d91-45534fc19b00",
              "parentUUID": "91996b20-1589-463a-9136-43176a1033c1",
              "isHook": false,
              "skipped": false
            }
          ],
          "suites": [],
          "passes": [
            "dcd98f3c-b6ff-42db-972b-a797e13e276c",
            "1d7d1dea-b92b-4fcd-8aa5-8c43d380909a",
            "af27d432-2852-4d2b-8d91-45534fc19b00"
          ],
          "failures": [],
          "pending": [],
          "skipped": [],
          "duration": 82,
          "root": false,
          "rootEmpty": false,
          "_timeout": 2000
        },
        {
          "uuid": "6e6a5d57-f947-4c3e-a735-30e3d101ca03",
          "title": "Automation Test Suite 2 ",
          "fullFile": "",
          "file": "",
          "beforeHooks": [],
          "afterHooks": [],
          "tests": [
            {
              "title": "Cypress Test Case",
              "fullTitle": "Automation Test Suite 2  Cypress Test Case",
              "timedOut": null,
              "duration": 21,
              "state": "passed",
              "speed": "fast",
              "pass": true,
              "fail": false,
              "pending": false,
              "context": null,
              "code": "//Object Creation for PageObject Page Class and assigning it to a constant variable",
              "err": {},
              "uuid": "43e89481-3c91-4758-ad90-617b3a592d69",
              "parentUUID": "6e6a5d57-f947-4c3e-a735-30e3d101ca03",
              "isHook": false,
              "skipped": false
            },
            {
              "title": "Cypress Test Case",
              "fullTitle": "Automation Test Suite 2  Cypress Test Case",
              "timedOut": null,
              "duration": 12,
              "state": "passed",
              "speed": "fast",
              "pass": true,
              "fail": false,
              "pending": false,
              "context": null,
              "code": "expect(true).to.be.true;",
              "err": {},
              "uuid": "ed92fe4b-b3fe-4d0e-9825-805083bf24bc",
              "parentUUID": "6e6a5d57-f947-4c3e-a735-30e3d101ca03",
              "isHook": false,
              "skipped": false
            },
            {
              "title": "Cypress second Case",
              "fullTitle": "Automation Test Suite 2  Cypress second Case",
              "timedOut": null,
              "duration": 10,
              "state": "passed",
              "speed": "fast",
              "pass": true,
              "fail": false,
              "pending": false,
              "context": null,
              "code": "expect(true).to.be.true;",
              "err": {},
              "uuid": "726d1e12-fe8a-450c-8fdd-8f3710eba28e",
              "parentUUID": "6e6a5d57-f947-4c3e-a735-30e3d101ca03",
              "isHook": false,
              "skipped": false
            }
          ],
          "suites": [],
          "passes": [
            "43e89481-3c91-4758-ad90-617b3a592d69",
            "ed92fe4b-b3fe-4d0e-9825-805083bf24bc",
            "726d1e12-fe8a-450c-8fdd-8f3710eba28e"
          ],
          "failures": [],
          "pending": [],
          "skipped": [],
          "duration": 43,
          "root": false,
          "rootEmpty": false,
          "_timeout": 2000
        }
      ],
      "passes": [],
      "failures": [],
      "pending": [],
      "skipped": [],
      "duration": 0,
      "root": true,
      "rootEmpty": true,
      "_timeout": 2000
    }
  ],
  "meta": {
    "mocha": {
      "version": "7.0.1"
    },
    "mochawesome": {
      "options": {
        "quiet": false,
        "reportFilename": "mochawesome",
        "saveHtml": false,
        "saveJson": true,
        "consoleReporter": "spec",
        "useInlineDiffs": false,
        "code": true
      },
      "version": "6.2.2"
    },
    "marge": {
      "options": {
        "reportDir": "cypress/reports/mocha",
        "overwrite": false,
        "html": false,
        "json": true,
        "timestamp": "mmddyyy_HHMMss",
        "reportPageTitle": "Envestnet"
      },
      "version": "5.2.0"
    }
  }
}